2026-04-15 14:38:21 +0000 - dagster - DEBUG - daily_update_job - bb8e7097-36eb-4542-8f4a-8669d32834c2 - 618 - LOGS_CAPTURED - Started capturing logs in process (pid: 618).
2026-04-15 14:38:21 +0000 - dagster - DEBUG - daily_update_job - bb8e7097-36eb-4542-8f4a-8669d32834c2 - 618 - check_file_availability - STEP_START - Started execution of step "check_file_availability".
2026-04-15 14:38:22 +0000 - dagster - ERROR - daily_update_job - bb8e7097-36eb-4542-8f4a-8669d32834c2 - 618 - check_file_availability - STEP_FAILURE - Execution of step "check_file_availability" failed.

dagster._core.definitions.events.Failure: Data file for 20260415 not found in /opt/dagster/input_data. Expected pattern: 20260415_CUST_TNG.csv

Stack Trace:
  File "/usr/local/lib/python3.12/site-packages/dagster/_core/execution/plan/execute_plan.py", line 247, in dagster_event_sequence_for_step
    yield from check.generator(step_events)
  File "/usr/local/lib/python3.12/site-packages/dagster/_core/execution/plan/execute_step.py", line 505, in core_dagster_event_sequence_for_step
    for user_event in _step_output_error_checked_user_event_sequence(
                      ^^^^^^^^^^^^^^^^^^^^^^^^^^^^^^^^^^^^^^^^^^^^^^^
  File "/usr/local/lib/python3.12/site-packages/dagster/_core/execution/plan/execute_step.py", line 184, in _step_output_error_checked_user_event_sequence
    for user_event in user_event_sequence:
                      ^^^^^^^^^^^^^^^^^^^
  File "/usr/local/lib/python3.12/site-packages/dagster/_core/execution/plan/execute_step.py", line 88, in _process_asset_results_to_events
    for user_event in user_event_sequence:
                      ^^^^^^^^^^^^^^^^^^^
  File "/usr/local/lib/python3.12/site-packages/dagster/_core/execution/plan/compute.py", line 188, in execute_core_compute
    for step_output in _yield_compute_results(step_context, inputs, compute_fn, compute_context):
                       ^^^^^^^^^^^^^^^^^^^^^^^^^^^^^^^^^^^^^^^^^^^^^^^^^^^^^^^^^^^^^^^^^^^^^^^^^
  File "/usr/local/lib/python3.12/site-packages/dagster/_core/execution/plan/compute.py", line 157, in _yield_compute_results
    for event in iterate_with_context(
                 ^^^^^^^^^^^^^^^^^^^^^
  File "/usr/local/lib/python3.12/site-packages/dagster/_utils/__init__.py", line 394, in iterate_with_context
    next_output = next(iterator)
                  ^^^^^^^^^^^^^^
  File "/usr/local/lib/python3.12/site-packages/dagster/_core/execution/plan/compute_generator.py", line 135, in _coerce_op_compute_fn_to_iterator
    result = invoke_compute_fn(
             ^^^^^^^^^^^^^^^^^^
  File "/usr/local/lib/python3.12/site-packages/dagster/_core/execution/plan/compute_generator.py", line 115, in invoke_compute_fn
    return fn(context, **args_to_pass) if context_arg_provided else fn(**args_to_pass)
           ^^^^^^^^^^^^^^^^^^^^^^^^^^^
  File "/opt/dagster/app/daily_pipeline.py", line 38, in check_file_availability
    raise Failure(f"Data file for {today_str} not found in {INPUT_DIR}. Expected pattern: {today_str}_CUST_TNG.csv")

